<?xml version="1.0" encoding="UTF-8"?>
<!-- Generated by org.testng.reporters.JUnitXMLReporter -->
<testsuite ignored="0" hostname="naveenautomationlabss-MacBook-Pro.local" failures="0" tests="5" name="Amazon Test" time="11.976" errors="0" timestamp="2023-05-20T15:58:19 IST">
  <testcase classname="mytests.OpenCartTest" name="logoTest" time="0.079"/>
  <testcase classname="mytests.AmazonTest" name="titleTest" time="0.063"/>
  <testcase classname="mytests.OpenCartTest" name="forgotPwdLinkExistTest" time="0.039"/>
  <testcase classname="mytests.AmazonTest" name="searchExistTest" time="0.03"/>
  <testcase classname="mytests.AmazonTest" name="isHelpExistTest" time="0.34"/>
</testsuite> <!-- Amazon Test -->
