<?xml version="1.0" encoding="UTF-8"?>
<!-- Generated by org.testng.reporters.JUnitXMLReporter -->
<testsuite ignored="0" hostname="naveenautomationlabss-MacBook-Pro.local" failures="0" tests="5" name="Amazon Test" time="7.044" errors="0" timestamp="2023-05-19T17:33:48 IST">
  <testcase classname="mytests.OpenCartTest" name="logoTest" time="0.067"/>
  <testcase classname="mytests.OpenCartTest" name="forgotPwdLinkExistTest" time="0.044"/>
  <testcase classname="mytests.AmazonTest" name="titleTest" time="0.022"/>
  <testcase classname="mytests.AmazonTest" name="searchExistTest" time="0.106"/>
  <testcase classname="mytests.AmazonTest" name="isHelpExistTest" time="0.462"/>
</testsuite> <!-- Amazon Test -->
