<?xml version="1.0" encoding="UTF-8"?>
<testng-results ignored="0" total="4" passed="4" failed="0" skipped="0">
  <reporter-output>
  </reporter-output>
  <suite started-at="2023-05-20T16:37:32 IST" name="TestNG Regression Suite" finished-at="2023-05-20T16:37:39 IST" duration-ms="7188">
    <groups>
    </groups>
    <test started-at="2023-05-20T16:37:32 IST" name="Amazon Test" finished-at="2023-05-20T16:37:38 IST" duration-ms="6510">
      <class name="mytests.GoogleTest">
        <test-method is-config="true" signature="setup(java.lang.String, java.lang.String)[pri:0, instance:mytests.GoogleTest@4416d64f]" started-at="2023-05-20T16:37:32 IST" name="setup" finished-at="2023-05-20T16:37:36 IST" duration-ms="4039" status="PASS">
          <params>
            <param index="0">
              <value>
                <![CDATA[https://www.google.com]]>
              </value>
            </param>
            <param index="1">
              <value>
                <![CDATA[chrome]]>
              </value>
            </param>
          </params>
          <reporter-output>
          </reporter-output>
        </test-method> <!-- setup -->
        <test-method signature="titleTest()[pri:1, instance:mytests.GoogleTest@4416d64f]" started-at="2023-05-20T16:37:36 IST" name="titleTest" finished-at="2023-05-20T16:37:36 IST" duration-ms="8" status="PASS">
          <reporter-output>
          </reporter-output>
        </test-method> <!-- titleTest -->
        <test-method is-config="true" signature="addResultsToTestRail(org.testng.ITestResult)[pri:0, instance:mytests.GoogleTest@4416d64f]" started-at="2023-05-20T16:37:36 IST" name="addResultsToTestRail" finished-at="2023-05-20T16:37:38 IST" duration-ms="1730" status="PASS">
          <params>
            <param index="0">
              <value>
                <![CDATA[[TestResult name=titleTest status=SUCCESS method=GoogleTest.titleTest()[pri:1, instance:mytests.GoogleTest@4416d64f] output={null}]]]>
              </value>
            </param>
          </params>
          <reporter-output>
          </reporter-output>
        </test-method> <!-- addResultsToTestRail -->
        <test-method signature="isSearchExist()[pri:2, instance:mytests.GoogleTest@4416d64f]" started-at="2023-05-20T16:37:38 IST" name="isSearchExist" finished-at="2023-05-20T16:37:38 IST" duration-ms="31" status="PASS">
          <reporter-output>
          </reporter-output>
        </test-method> <!-- isSearchExist -->
        <test-method is-config="true" signature="addResultsToTestRail(org.testng.ITestResult)[pri:0, instance:mytests.GoogleTest@4416d64f]" started-at="2023-05-20T16:37:38 IST" name="addResultsToTestRail" finished-at="2023-05-20T16:37:38 IST" duration-ms="570" status="PASS">
          <params>
            <param index="0">
              <value>
                <![CDATA[[TestResult name=isSearchExist status=SUCCESS method=GoogleTest.isSearchExist()[pri:2, instance:mytests.GoogleTest@4416d64f] output={null}]]]>
              </value>
            </param>
          </params>
          <reporter-output>
          </reporter-output>
        </test-method> <!-- addResultsToTestRail -->
        <test-method is-config="true" signature="tearDown()[pri:0, instance:mytests.GoogleTest@4416d64f]" started-at="2023-05-20T16:37:38 IST" name="tearDown" finished-at="2023-05-20T16:37:38 IST" duration-ms="110" status="PASS">
          <reporter-output>
          </reporter-output>
        </test-method> <!-- tearDown -->
      </class> <!-- mytests.GoogleTest -->
    </test> <!-- Amazon Test -->
    <test started-at="2023-05-20T16:37:32 IST" name="OpenCart Test" finished-at="2023-05-20T16:37:39 IST" duration-ms="7188">
      <class name="mytests.OpenCartTest">
        <test-method is-config="true" signature="setup(java.lang.String, java.lang.String)[pri:0, instance:mytests.OpenCartTest@41294f8]" started-at="2023-05-20T16:37:32 IST" name="setup" finished-at="2023-05-20T16:37:37 IST" duration-ms="5325" status="PASS">
          <params>
            <param index="0">
              <value>
                <![CDATA[https://naveenautomationlabs.com/opencart/index.php?route=account/login]]>
              </value>
            </param>
            <param index="1">
              <value>
                <![CDATA[chrome]]>
              </value>
            </param>
          </params>
          <reporter-output>
          </reporter-output>
        </test-method> <!-- setup -->
        <test-method signature="logoTest()[pri:1, instance:mytests.OpenCartTest@41294f8]" started-at="2023-05-20T16:37:37 IST" name="logoTest" finished-at="2023-05-20T16:37:37 IST" duration-ms="53" status="PASS">
          <reporter-output>
          </reporter-output>
        </test-method> <!-- logoTest -->
        <test-method is-config="true" signature="addResultsToTestRail(org.testng.ITestResult)[pri:0, instance:mytests.OpenCartTest@41294f8]" started-at="2023-05-20T16:37:37 IST" name="addResultsToTestRail" finished-at="2023-05-20T16:37:38 IST" duration-ms="1076" status="PASS">
          <params>
            <param index="0">
              <value>
                <![CDATA[[TestResult name=logoTest status=SUCCESS method=OpenCartTest.logoTest()[pri:1, instance:mytests.OpenCartTest@41294f8] output={null}]]]>
              </value>
            </param>
          </params>
          <reporter-output>
          </reporter-output>
        </test-method> <!-- addResultsToTestRail -->
        <test-method signature="forgotPwdLinkExistTest()[pri:2, instance:mytests.OpenCartTest@41294f8]" started-at="2023-05-20T16:37:38 IST" name="forgotPwdLinkExistTest" finished-at="2023-05-20T16:37:38 IST" duration-ms="37" status="PASS">
          <reporter-output>
          </reporter-output>
        </test-method> <!-- forgotPwdLinkExistTest -->
        <test-method is-config="true" signature="addResultsToTestRail(org.testng.ITestResult)[pri:0, instance:mytests.OpenCartTest@41294f8]" started-at="2023-05-20T16:37:38 IST" name="addResultsToTestRail" finished-at="2023-05-20T16:37:39 IST" duration-ms="584" status="PASS">
          <params>
            <param index="0">
              <value>
                <![CDATA[[TestResult name=forgotPwdLinkExistTest status=SUCCESS method=OpenCartTest.forgotPwdLinkExistTest()[pri:2, instance:mytests.OpenCartTest@41294f8] output={null}]]]>
              </value>
            </param>
          </params>
          <reporter-output>
          </reporter-output>
        </test-method> <!-- addResultsToTestRail -->
        <test-method is-config="true" signature="tearDown()[pri:0, instance:mytests.OpenCartTest@41294f8]" started-at="2023-05-20T16:37:39 IST" name="tearDown" finished-at="2023-05-20T16:37:39 IST" duration-ms="108" status="PASS">
          <reporter-output>
          </reporter-output>
        </test-method> <!-- tearDown -->
      </class> <!-- mytests.OpenCartTest -->
    </test> <!-- OpenCart Test -->
  </suite> <!-- TestNG Regression Suite -->
</testng-results>
